11-Apr-2020 22:22:11.442 정보 [main] org.apache.catalina.startup.VersionLoggerListener.log 서버 버전 이름:        Apache Tomcat/8.5.54
11-Apr-2020 22:22:11.452 정보 [main] org.apache.catalina.startup.VersionLoggerListener.log Server 빌드 시각:          Apr 3 2020 14:06:10 UTC
11-Apr-2020 22:22:11.452 정보 [main] org.apache.catalina.startup.VersionLoggerListener.log Server 버전 번호:         8.5.54.0
11-Apr-2020 22:22:11.452 정보 [main] org.apache.catalina.startup.VersionLoggerListener.log 운영체제 이름:               Windows 10
11-Apr-2020 22:22:11.452 정보 [main] org.apache.catalina.startup.VersionLoggerListener.log 운영체제 버전:            10.0
11-Apr-2020 22:22:11.452 정보 [main] org.apache.catalina.startup.VersionLoggerListener.log 아키텍처:          amd64
11-Apr-2020 22:22:11.453 정보 [main] org.apache.catalina.startup.VersionLoggerListener.log 자바 홈:             C:\Program Files\Java\jdk1.8.0_181\jre
11-Apr-2020 22:22:11.453 정보 [main] org.apache.catalina.startup.VersionLoggerListener.log JVM 버전:           1.8.0_181-b13
11-Apr-2020 22:22:11.453 정보 [main] org.apache.catalina.startup.VersionLoggerListener.log JVM 벤더:            Oracle Corporation
11-Apr-2020 22:22:11.453 정보 [main] org.apache.catalina.startup.VersionLoggerListener.log CATALINA_BASE:         C:\JSP\apache-tomcat-8.5.54
11-Apr-2020 22:22:11.453 정보 [main] org.apache.catalina.startup.VersionLoggerListener.log CATALINA_HOME:         C:\JSP\apache-tomcat-8.5.54
11-Apr-2020 22:22:11.455 정보 [main] org.apache.catalina.startup.VersionLoggerListener.log 명령 행 아규먼트: -Djava.util.logging.config.file=C:\JSP\apache-tomcat-8.5.54\conf\logging.properties
11-Apr-2020 22:22:11.456 정보 [main] org.apache.catalina.startup.VersionLoggerListener.log 명령 행 아규먼트: -Djava.util.logging.manager=org.apache.juli.ClassLoaderLogManager
11-Apr-2020 22:22:11.457 정보 [main] org.apache.catalina.startup.VersionLoggerListener.log 명령 행 아규먼트: -Djdk.tls.ephemeralDHKeySize=2048
11-Apr-2020 22:22:11.458 정보 [main] org.apache.catalina.startup.VersionLoggerListener.log 명령 행 아규먼트: -Djava.protocol.handler.pkgs=org.apache.catalina.webresources
11-Apr-2020 22:22:11.459 정보 [main] org.apache.catalina.startup.VersionLoggerListener.log 명령 행 아규먼트: -Dignore.endorsed.dirs=
11-Apr-2020 22:22:11.466 정보 [main] org.apache.catalina.startup.VersionLoggerListener.log 명령 행 아규먼트: -Dcatalina.base=C:\JSP\apache-tomcat-8.5.54
11-Apr-2020 22:22:11.467 정보 [main] org.apache.catalina.startup.VersionLoggerListener.log 명령 행 아규먼트: -Dcatalina.home=C:\JSP\apache-tomcat-8.5.54
11-Apr-2020 22:22:11.469 정보 [main] org.apache.catalina.startup.VersionLoggerListener.log 명령 행 아규먼트: -Djava.io.tmpdir=C:\JSP\apache-tomcat-8.5.54\temp
11-Apr-2020 22:22:11.470 정보 [main] org.apache.catalina.core.AprLifecycleListener.lifecycleEvent APR 버전 [1.7.0]을(를) 사용한, APR 기반 Apache Tomcat Native 라이브러리 [1.2.23]을(를) 로드했습니다.
11-Apr-2020 22:22:11.472 정보 [main] org.apache.catalina.core.AprLifecycleListener.lifecycleEvent APR 용량정보들: IPv6 [true], sendfile [true], accept filters [false], random [true].
11-Apr-2020 22:22:11.477 정보 [main] org.apache.catalina.core.AprLifecycleListener.lifecycleEvent APR/OpenSSL 설정: useAprConnector [false], useOpenSSL [true]
11-Apr-2020 22:22:11.484 정보 [main] org.apache.catalina.core.AprLifecycleListener.initializeSSL OpenSSL이 성공적으로 초기화되었습니다: [OpenSSL 1.1.1c  28 May 2019]
11-Apr-2020 22:22:11.730 정보 [main] org.apache.coyote.AbstractProtocol.init 프로토콜 핸들러 ["http-nio-8080"]을(를) 초기화합니다.
11-Apr-2020 22:22:12.941 정보 [main] org.apache.tomcat.util.net.NioSelectorPool.getSharedSelector Using a shared selector for servlet write/read
11-Apr-2020 22:22:12.968 정보 [main] org.apache.catalina.startup.Catalina.load Initialization processed in 2163 ms
11-Apr-2020 22:22:13.029 정보 [main] org.apache.catalina.core.StandardService.startInternal 서비스 [Catalina]을(를) 시작합니다.
11-Apr-2020 22:22:13.034 정보 [main] org.apache.catalina.core.StandardEngine.startInternal Starting Servlet Engine: Apache Tomcat/8.5.54
11-Apr-2020 22:22:13.050 정보 [localhost-startStop-1] org.apache.catalina.startup.HostConfig.deployDirectory 웹 애플리케이션 디렉토리 [C:\JSP\apache-tomcat-8.5.54\webapps\docs]을(를) 배치합니다.
11-Apr-2020 22:22:13.501 정보 [localhost-startStop-1] org.apache.catalina.startup.HostConfig.deployDirectory 웹 애플리케이션 디렉토리 [C:\JSP\apache-tomcat-8.5.54\webapps\docs]에 대한 배치가 [449] 밀리초에 완료되었습니다.
11-Apr-2020 22:22:13.511 정보 [localhost-startStop-1] org.apache.catalina.startup.HostConfig.deployDirectory 웹 애플리케이션 디렉토리 [C:\JSP\apache-tomcat-8.5.54\webapps\examples]을(를) 배치합니다.
11-Apr-2020 22:22:14.088 정보 [localhost-startStop-1] org.apache.catalina.startup.HostConfig.deployDirectory 웹 애플리케이션 디렉토리 [C:\JSP\apache-tomcat-8.5.54\webapps\examples]에 대한 배치가 [577] 밀리초에 완료되었습니다.
11-Apr-2020 22:22:14.094 정보 [localhost-startStop-1] org.apache.catalina.startup.HostConfig.deployDirectory 웹 애플리케이션 디렉토리 [C:\JSP\apache-tomcat-8.5.54\webapps\host-manager]을(를) 배치합니다.
11-Apr-2020 22:22:14.151 정보 [localhost-startStop-1] org.apache.catalina.startup.HostConfig.deployDirectory 웹 애플리케이션 디렉토리 [C:\JSP\apache-tomcat-8.5.54\webapps\host-manager]에 대한 배치가 [57] 밀리초에 완료되었습니다.
11-Apr-2020 22:22:14.156 정보 [localhost-startStop-1] org.apache.catalina.startup.HostConfig.deployDirectory 웹 애플리케이션 디렉토리 [C:\JSP\apache-tomcat-8.5.54\webapps\manager]을(를) 배치합니다.
11-Apr-2020 22:22:14.192 정보 [localhost-startStop-1] org.apache.catalina.startup.HostConfig.deployDirectory 웹 애플리케이션 디렉토리 [C:\JSP\apache-tomcat-8.5.54\webapps\manager]에 대한 배치가 [36] 밀리초에 완료되었습니다.
11-Apr-2020 22:22:14.195 정보 [localhost-startStop-1] org.apache.catalina.startup.HostConfig.deployDirectory 웹 애플리케이션 디렉토리 [C:\JSP\apache-tomcat-8.5.54\webapps\ROOT]을(를) 배치합니다.
11-Apr-2020 22:22:14.239 정보 [localhost-startStop-1] org.apache.catalina.startup.HostConfig.deployDirectory 웹 애플리케이션 디렉토리 [C:\JSP\apache-tomcat-8.5.54\webapps\ROOT]에 대한 배치가 [44] 밀리초에 완료되었습니다.
11-Apr-2020 22:22:14.244 정보 [main] org.apache.coyote.AbstractProtocol.start 프로토콜 핸들러 ["http-nio-8080"]을(를) 시작합니다.
11-Apr-2020 22:22:14.258 정보 [main] org.apache.catalina.startup.Catalina.start Server startup in 1287 ms
11-Apr-2020 22:22:17.950 정보 [main] org.apache.catalina.startup.VersionLoggerListener.log 서버 버전 이름:        Apache Tomcat/8.5.54
11-Apr-2020 22:22:17.955 정보 [main] org.apache.catalina.startup.VersionLoggerListener.log Server 빌드 시각:          Apr 3 2020 14:06:10 UTC
11-Apr-2020 22:22:17.955 정보 [main] org.apache.catalina.startup.VersionLoggerListener.log Server 버전 번호:         8.5.54.0
11-Apr-2020 22:22:17.956 정보 [main] org.apache.catalina.startup.VersionLoggerListener.log 운영체제 이름:               Windows 10
11-Apr-2020 22:22:17.956 정보 [main] org.apache.catalina.startup.VersionLoggerListener.log 운영체제 버전:            10.0
11-Apr-2020 22:22:17.956 정보 [main] org.apache.catalina.startup.VersionLoggerListener.log 아키텍처:          amd64
11-Apr-2020 22:22:17.957 정보 [main] org.apache.catalina.startup.VersionLoggerListener.log 자바 홈:             C:\Program Files\Java\jdk1.8.0_181\jre
11-Apr-2020 22:22:17.957 정보 [main] org.apache.catalina.startup.VersionLoggerListener.log JVM 버전:           1.8.0_181-b13
11-Apr-2020 22:22:17.958 정보 [main] org.apache.catalina.startup.VersionLoggerListener.log JVM 벤더:            Oracle Corporation
11-Apr-2020 22:22:17.959 정보 [main] org.apache.catalina.startup.VersionLoggerListener.log CATALINA_BASE:         C:\JSP\apache-tomcat-8.5.54
11-Apr-2020 22:22:17.960 정보 [main] org.apache.catalina.startup.VersionLoggerListener.log CATALINA_HOME:         C:\JSP\apache-tomcat-8.5.54
11-Apr-2020 22:22:17.961 정보 [main] org.apache.catalina.startup.VersionLoggerListener.log 명령 행 아규먼트: -Djava.util.logging.config.file=C:\JSP\apache-tomcat-8.5.54\conf\logging.properties
11-Apr-2020 22:22:17.963 정보 [main] org.apache.catalina.startup.VersionLoggerListener.log 명령 행 아규먼트: -Djava.util.logging.manager=org.apache.juli.ClassLoaderLogManager
11-Apr-2020 22:22:17.971 정보 [main] org.apache.catalina.startup.VersionLoggerListener.log 명령 행 아규먼트: -Djdk.tls.ephemeralDHKeySize=2048
11-Apr-2020 22:22:17.972 정보 [main] org.apache.catalina.startup.VersionLoggerListener.log 명령 행 아규먼트: -Djava.protocol.handler.pkgs=org.apache.catalina.webresources
11-Apr-2020 22:22:17.974 정보 [main] org.apache.catalina.startup.VersionLoggerListener.log 명령 행 아규먼트: -Dignore.endorsed.dirs=
11-Apr-2020 22:22:17.975 정보 [main] org.apache.catalina.startup.VersionLoggerListener.log 명령 행 아규먼트: -Dcatalina.base=C:\JSP\apache-tomcat-8.5.54
11-Apr-2020 22:22:17.976 정보 [main] org.apache.catalina.startup.VersionLoggerListener.log 명령 행 아규먼트: -Dcatalina.home=C:\JSP\apache-tomcat-8.5.54
11-Apr-2020 22:22:17.978 정보 [main] org.apache.catalina.startup.VersionLoggerListener.log 명령 행 아규먼트: -Djava.io.tmpdir=C:\JSP\apache-tomcat-8.5.54\temp
11-Apr-2020 22:22:17.981 정보 [main] org.apache.catalina.core.AprLifecycleListener.lifecycleEvent APR 버전 [1.7.0]을(를) 사용한, APR 기반 Apache Tomcat Native 라이브러리 [1.2.23]을(를) 로드했습니다.
11-Apr-2020 22:22:17.983 정보 [main] org.apache.catalina.core.AprLifecycleListener.lifecycleEvent APR 용량정보들: IPv6 [true], sendfile [true], accept filters [false], random [true].
11-Apr-2020 22:22:17.984 정보 [main] org.apache.catalina.core.AprLifecycleListener.lifecycleEvent APR/OpenSSL 설정: useAprConnector [false], useOpenSSL [true]
11-Apr-2020 22:22:17.990 정보 [main] org.apache.catalina.core.AprLifecycleListener.initializeSSL OpenSSL이 성공적으로 초기화되었습니다: [OpenSSL 1.1.1c  28 May 2019]
11-Apr-2020 22:22:18.136 정보 [main] org.apache.coyote.AbstractProtocol.init 프로토콜 핸들러 ["http-nio-8080"]을(를) 초기화합니다.
11-Apr-2020 22:22:19.121 정보 [main] org.apache.tomcat.util.net.NioSelectorPool.getSharedSelector Using a shared selector for servlet write/read
11-Apr-2020 22:22:19.151 정보 [main] org.apache.catalina.startup.Catalina.load Initialization processed in 1665 ms
11-Apr-2020 22:22:19.221 정보 [main] org.apache.catalina.core.StandardService.startInternal 서비스 [Catalina]을(를) 시작합니다.
11-Apr-2020 22:22:19.225 정보 [main] org.apache.catalina.core.StandardEngine.startInternal Starting Servlet Engine: Apache Tomcat/8.5.54
11-Apr-2020 22:22:19.240 정보 [localhost-startStop-1] org.apache.catalina.startup.HostConfig.deployDirectory 웹 애플리케이션 디렉토리 [C:\JSP\apache-tomcat-8.5.54\webapps\docs]을(를) 배치합니다.
11-Apr-2020 22:22:19.745 정보 [localhost-startStop-1] org.apache.catalina.startup.HostConfig.deployDirectory 웹 애플리케이션 디렉토리 [C:\JSP\apache-tomcat-8.5.54\webapps\docs]에 대한 배치가 [504] 밀리초에 완료되었습니다.
11-Apr-2020 22:22:19.753 정보 [localhost-startStop-1] org.apache.catalina.startup.HostConfig.deployDirectory 웹 애플리케이션 디렉토리 [C:\JSP\apache-tomcat-8.5.54\webapps\examples]을(를) 배치합니다.
11-Apr-2020 22:22:20.430 정보 [localhost-startStop-1] org.apache.catalina.startup.HostConfig.deployDirectory 웹 애플리케이션 디렉토리 [C:\JSP\apache-tomcat-8.5.54\webapps\examples]에 대한 배치가 [677] 밀리초에 완료되었습니다.
11-Apr-2020 22:22:20.436 정보 [localhost-startStop-1] org.apache.catalina.startup.HostConfig.deployDirectory 웹 애플리케이션 디렉토리 [C:\JSP\apache-tomcat-8.5.54\webapps\host-manager]을(를) 배치합니다.
11-Apr-2020 22:22:20.496 정보 [localhost-startStop-1] org.apache.catalina.startup.HostConfig.deployDirectory 웹 애플리케이션 디렉토리 [C:\JSP\apache-tomcat-8.5.54\webapps\host-manager]에 대한 배치가 [60] 밀리초에 완료되었습니다.
11-Apr-2020 22:22:20.501 정보 [localhost-startStop-1] org.apache.catalina.startup.HostConfig.deployDirectory 웹 애플리케이션 디렉토리 [C:\JSP\apache-tomcat-8.5.54\webapps\manager]을(를) 배치합니다.
11-Apr-2020 22:22:20.544 정보 [localhost-startStop-1] org.apache.catalina.startup.HostConfig.deployDirectory 웹 애플리케이션 디렉토리 [C:\JSP\apache-tomcat-8.5.54\webapps\manager]에 대한 배치가 [43] 밀리초에 완료되었습니다.
11-Apr-2020 22:22:20.549 정보 [localhost-startStop-1] org.apache.catalina.startup.HostConfig.deployDirectory 웹 애플리케이션 디렉토리 [C:\JSP\apache-tomcat-8.5.54\webapps\ROOT]을(를) 배치합니다.
11-Apr-2020 22:22:20.587 정보 [localhost-startStop-1] org.apache.catalina.startup.HostConfig.deployDirectory 웹 애플리케이션 디렉토리 [C:\JSP\apache-tomcat-8.5.54\webapps\ROOT]에 대한 배치가 [38] 밀리초에 완료되었습니다.
11-Apr-2020 22:22:20.598 정보 [main] org.apache.coyote.AbstractProtocol.start 프로토콜 핸들러 ["http-nio-8080"]을(를) 시작합니다.
11-Apr-2020 22:22:20.620 정보 [main] org.apache.catalina.startup.Catalina.start Server startup in 1463 ms
